<?xml version="1.0" encoding="UTF-8"?>
<!-- Generated by org.testng.reporters.JUnitXMLReporter -->
<testsuite ignored="1" hostname="DESKTOP-DO7M1Q3" failures="0" tests="1" name="Default test" time="0.162" errors="0" timestamp="2021-11-11T01:33:19 IST">
  <testcase classname="com.java.stringbasedquestions.NoOfDigitsReturns" name="testCase2" time="0.029"/>
  <testcase classname="com.java.stringbasedquestions.NoOfDigitsReturns" name="tescase1" time="0.0">
    <ignored/>
  </testcase> <!-- tescase1 -->
</testsuite> <!-- Default test -->
