<?xml version="1.0" encoding="UTF-8"?>
<testng-results ignored="0" total="1" passed="1" failed="0" skipped="0">
  <reporter-output>
  </reporter-output>
  <suite started-at="2021-09-18T22:58:08 IST" name="Default suite" finished-at="2021-09-18T22:58:08 IST" duration-ms="134">
    <groups>
    </groups>
    <test started-at="2021-09-18T22:58:08 IST" name="Default test" finished-at="2021-09-18T22:58:08 IST" duration-ms="134">
      <class name="com.java.practice.collectordrill.CollectorsPractice">
        <test-method signature="toListSetMapPractice()[pri:0, instance:com.java.practice.collectordrill.CollectorsPractice@5e316c74]" started-at="2021-09-18T22:58:08 IST" name="toListSetMapPractice" finished-at="2021-09-18T22:58:08 IST" duration-ms="32" status="PASS">
          <reporter-output>
          </reporter-output>
        </test-method> <!-- toListSetMapPractice -->
      </class> <!-- com.java.practice.collectordrill.CollectorsPractice -->
    </test> <!-- Default test -->
  </suite> <!-- Default suite -->
</testng-results>
