<?xml version="1.0" encoding="UTF-8"?>
<testng-results ignored="1" total="2" passed="1" failed="0" skipped="0">
  <reporter-output>
  </reporter-output>
  <suite started-at="2021-11-11T01:33:19 IST" name="Default suite" finished-at="2021-11-11T01:33:19 IST" duration-ms="162">
    <groups>
    </groups>
    <test started-at="2021-11-11T01:33:19 IST" name="Default test" finished-at="2021-11-11T01:33:19 IST" duration-ms="162">
      <class name="com.java.stringbasedquestions.NoOfDigitsReturns">
        <test-method signature="testCase2()[pri:0, instance:com.java.stringbasedquestions.NoOfDigitsReturns@2bbf180e]" started-at="2021-11-11T01:33:19 IST" name="testCase2" finished-at="2021-11-11T01:33:19 IST" duration-ms="29" status="PASS">
          <reporter-output>
          </reporter-output>
        </test-method> <!-- testCase2 -->
      </class> <!-- com.java.stringbasedquestions.NoOfDigitsReturns -->
    </test> <!-- Default test -->
  </suite> <!-- Default suite -->
</testng-results>
